0 info it worked if it ends with ok
1 verbose cli [ '/usr/bin/node', '/usr/bin/npm', 'version', 'patch' ]
2 info using npm@3.8.3
3 info using node@v5.9.1
4 info git [ 'status', '--porcelain' ]
5 verbose stack Error: Git working directory not clean.
5 verbose stack M app/css/modules/map.css
5 verbose stack M app/index.html
5 verbose stack M app/js/modules/map.js
5 verbose stack M app/js/modules/property.js
5 verbose stack M package.json
5 verbose stack     at /usr/lib/node_modules/npm/lib/version.js:246:19
5 verbose stack     at ChildProcess.exithandler (child_process.js:193:7)
5 verbose stack     at emitTwo (events.js:100:13)
5 verbose stack     at ChildProcess.emit (events.js:185:7)
5 verbose stack     at maybeClose (internal/child_process.js:850:16)
5 verbose stack     at Socket.<anonymous> (internal/child_process.js:323:11)
5 verbose stack     at emitOne (events.js:90:13)
5 verbose stack     at Socket.emit (events.js:182:7)
5 verbose stack     at Pipe._onclose (net.js:477:12)
6 verbose cwd /home/tobin/sync/code/geoportal
7 error Linux 4.4.6-1-MANJARO
8 error argv "/usr/bin/node" "/usr/bin/npm" "version" "patch"
9 error node v5.9.1
10 error npm  v3.8.3
11 error Git working directory not clean.
11 error M app/css/modules/map.css
11 error M app/index.html
11 error M app/js/modules/map.js
11 error M app/js/modules/property.js
11 error M package.json
12 error If you need help, you may report this error at:
12 error     <https://github.com/npm/npm/issues>
13 verbose exit [ 1, true ]
